<?xml version="1.0" encoding="UTF-8"?>
<!-- Generated by org.testng.reporters.JUnitReportReporter -->
<testsuite hostname="DESKTOP-R5GMP3G" failures="0" tests="1" name="testCases.TC_002_LoginTest" time="6.396" errors="0" timestamp="2022-12-31T09:51:57 IST" skipped="0">
  <testcase classname="testCases.TC_002_LoginTest" name="test_Login" time="6.396"/>
  <system-out/>
</testsuite> <!-- testCases.TC_002_LoginTest -->
