<?xml version="1.0" encoding="UTF-8"?>
<!-- Generated by org.testng.reporters.JUnitReportReporter -->
<testsuite hostname="DESKTOP-R5GMP3G" failures="0" tests="1" name="testCases.TC_001_AccountRegistrationTest" time="6.012" errors="0" timestamp="2022-12-31T11:36:15 IST" skipped="0">
  <testcase classname="testCases.TC_001_AccountRegistrationTest" name="test_account_Registration" time="6.012"/>
  <system-out/>
</testsuite> <!-- testCases.TC_001_AccountRegistrationTest -->
